0 info it worked if it ends with ok
1 verbose cli [ 'U:\\bin\\node57\\node.exe',
1 verbose cli   'U:\\bin\\node57\\node_modules\\npm\\bin\\npm-cli.js',
1 verbose cli   'start' ]
2 info using npm@3.8.0
3 info using node@v5.7.1
4 verbose run-script [ 'prestart', 'start', 'poststart' ]
5 info lifecycle worm-serial-markov-@0.0.1~prestart: worm-serial-markov-@0.0.1
6 silly lifecycle worm-serial-markov-@0.0.1~prestart: no script for prestart, continuing
7 info lifecycle worm-serial-markov-@0.0.1~start: worm-serial-markov-@0.0.1
8 verbose lifecycle worm-serial-markov-@0.0.1~start: unsafe-perm in lifecycle true
9 verbose lifecycle worm-serial-markov-@0.0.1~start: PATH: U:\bin\node57\node_modules\npm\bin\node-gyp-bin;U:\usr\workshop\dev\repos\private\worm-markov\www\node_modules\.bin;U:\bin\node57;U:\usr\programs\programs\LaTeX\miktex\bin;U:\bin\ruby21\bin\;C:\ProgramData\Oracle\Java\javapath;U:\usr\bin;T:\bin\prog\vim\;C:\Program Files (x86)\Intel\iCLS Client\;C:\Program Files\Intel\iCLS Client\;C:\Windows\system32;C:\Windows;C:\Windows\System32\Wbem;C:\Windows\System32\WindowsPowerShell\v1.0\;C:\Program Files\Intel\Intel(R) Management Engine Components\DAL;C:\Program Files\Intel\Intel(R) Management Engine Components\IPT;C:\Program Files (x86)\Intel\Intel(R) Management Engine Components\DAL;C:\Program Files (x86)\Intel\Intel(R) Management Engine Components\IPT;C:\Program Files\Intel\WiFi\bin\;C:\Program Files\Common Files\Intel\WirelessCommon\;C:\Program Files\Lenovo\Fingerprint Manager Pro\;C:\Program Files\Condusiv Technologies\ExpressCache\;C:\Program Files (x86)\Common Files\Lenovo;C:\ProgramData\Lenovo\ReadyApps;C:\Program Files (x86)\Windows Kits\8.1\Windows Performance Toolkit\;C:\Program Files\Microsoft SQL Server\120\Tools\Binn\;C:\Program Files (x86)\Microsoft SDKs\TypeScript\1.1\;C:\Program Files\Microsoft SQL Server\110\Tools\Binn\;C:\Program Files (x86)\Microsoft SDKs\TypeScript\1.0\;C:\Program Files (x86)\QuickTime\QTSystem\;C:\Program Files (x86)\Skype\Phone\
10 verbose lifecycle worm-serial-markov-@0.0.1~start: CWD: U:\usr\workshop\dev\repos\private\worm-markov\www
11 silly lifecycle worm-serial-markov-@0.0.1~start: Args: [ '/d /s /c', 'node index' ]
12 silly lifecycle worm-serial-markov-@0.0.1~start: Returned: code: 1  signal: null
13 info lifecycle worm-serial-markov-@0.0.1~start: Failed to exec start script
14 verbose stack Error: worm-serial-markov-@0.0.1 start: `node index`
14 verbose stack Exit status 1
14 verbose stack     at EventEmitter.<anonymous> (U:\bin\node57\node_modules\npm\lib\utils\lifecycle.js:239:16)
14 verbose stack     at emitTwo (events.js:100:13)
14 verbose stack     at EventEmitter.emit (events.js:185:7)
14 verbose stack     at ChildProcess.<anonymous> (U:\bin\node57\node_modules\npm\lib\utils\spawn.js:24:14)
14 verbose stack     at emitTwo (events.js:100:13)
14 verbose stack     at ChildProcess.emit (events.js:185:7)
14 verbose stack     at maybeClose (internal/child_process.js:827:16)
14 verbose stack     at Process.ChildProcess._handle.onexit (internal/child_process.js:211:5)
15 verbose pkgid worm-serial-markov-@0.0.1
16 verbose cwd U:\usr\workshop\dev\repos\private\worm-markov\www
17 error Windows_NT 6.1.7601
18 error argv "U:\\bin\\node57\\node.exe" "U:\\bin\\node57\\node_modules\\npm\\bin\\npm-cli.js" "start"
19 error node v5.7.1
20 error npm  v3.8.0
21 error code ELIFECYCLE
22 error worm-serial-markov-@0.0.1 start: `node index`
22 error Exit status 1
23 error Failed at the worm-serial-markov-@0.0.1 start script 'node index'.
23 error Make sure you have the latest version of node.js and npm installed.
23 error If you do, this is most likely a problem with the worm-serial-markov- package,
23 error not with npm itself.
23 error Tell the author that this fails on your system:
23 error     node index
23 error You can get information on how to open an issue for this project with:
23 error     npm bugs worm-serial-markov-
23 error Or if that isn't available, you can get their info via:
23 error     npm owner ls worm-serial-markov-
23 error There is likely additional logging output above.
24 verbose exit [ 1, true ]
